
Chromatic CLI v9.0.0
https://www.chromatic.com/docs/cli

Authenticating with Chromatic
    → Connecting to https://index.chromatic.com
Authenticated with Chromatic
    → Using project token '****************6059'
Retrieving git information
Retrieved git information
    → Commit 'aebf5fb' on branch 'main'; found 1 parent build
Collecting Storybook metadata
Collected Storybook metadata
    → Storybook 7.5.3 for React; using the @storybook/nextjs builder (7.5.3); supported addons found: Links, Essentials, Interactions
Initializing build
Initialized build
    → Build 5 initialized
Building your Storybook
    → Running command: npm run build-storybook -- --output-dir /var/folders/gw/8n5qkk8544707rqkzpspq3pc0000gn/T/chromatic--42580-9ChDV0eCP4X1
Storybook built in 18 seconds
    → View build log at /Users/robertocarrasquel/Desktop/NEXTJS/making/making-test/build-storybook.log
Publish your built Storybook
    → Validating Storybook files
Publishing your built Storybook
    → Retrieving target location
    → Starting publish
    → [                    ] 1%
    → [=                   ] 7%
    → [==                  ] 10%
    → [===                 ] 16%
    → [===                 ] 17%
    → [====                ] 18%
    → [=====               ] 24%
    → [=====               ] 27%
    → [======              ] 28%
    → [======              ] 29%
    → [======              ] 30%
    → [======              ] 31%
    → [======              ] 32%
    → [=======             ] 34%
    → [=======             ] 35%
    → [========            ] 38%
    → [========            ] 40%
    → [========            ] 42%
    → [=========           ] 44%
    → [=========           ] 45%
    → [=========           ] 47%
    → [==========          ] 48%
    → [==========          ] 49%
    → [==========          ] 50%
    → [==========          ] 52%
    → [===========         ] 53%
    → [===========         ] 55%
    → [===========         ] 56%
    → [===========         ] 57%
    → [============        ] 59%
    → [============        ] 61%
    → [=============       ] 65%
    → [=============       ] 66%
    → [=============       ] 67%
    → [==============      ] 70%
    → [==============      ] 71%
    → [==============      ] 72%
    → [===============     ] 74%
    → [===============     ] 76%
    → [================    ] 80%
    → [=================   ] 85%
    → [=================   ] 87%
    → [==================  ] 91%
    → [=================== ] 93%
    → [=================== ] 94%
    → [=================== ] 95%
    → [=================== ] 97%
    → [====================] 99%
    → [====================] 100%
Publish complete in 10 seconds
    → View your Storybook at https://65557894ff55e761558332dc-xxdiqptzdd.chromatic.com
Verifying your Storybook
    → This may take a few minutes
Started build 5
    → View build details at https://www.chromatic.com/build?appId=65557894ff55e761558332dc&number=5
Running 9 tests
    → This may take a few minutes
    → [==                  ] 1/9  Button › Primary 
    → [====                ] 2/9  Button › Secondary 
    → [=======             ] 3/9  Button › Large 
    → [===========         ] 5/9  Button › Warning 
    → [================    ] 7/9  Header › Logged Out 
    → [==================  ] 8/9  Page › Logged Out 
    → [====================] 9/9  Page › Logged In 
✖ Found 9 visual changes: Review the changes at https://www.chromatic.com/build?appId=65557894ff55e761558332dc&number=5

ℹ For CI/CD use cases, this command failed with exit code 1
Pass --exit-zero-on-changes to succeed this command regardless of changes.
Pass --auto-accept-changes to succeed and automatically accept any changes.
